 file:lab06.cpp ,function:main ,line:63 start of logging
 file:lab06.cpp ,function:PopulatePerson ,line:111 start of PopulatePerson(person*)
 file:lab06.cpp ,function:PopulatePerson ,line:122 end of PopulatePerson(person*)
 file:lab06.cpp ,function:PopulatePerson ,line:111 start of PopulatePerson(person*)
 file:lab06.cpp ,function:PopulatePerson ,line:122 end of PopulatePerson(person*)
 file:lab06.cpp ,function:PopulatePerson ,line:111 start of PopulatePerson(person*)
 file:lab06.cpp ,function:PopulatePerson ,line:122 end of PopulatePerson(person*)
 file:lab06.cpp ,function:PrintPerson ,line:127 start of PrintPerson(person)
 file:lab06.cpp ,function:PrintPerson ,line:131 end of PrintPerson(person)
 file:lab06.cpp ,function:PrintPerson ,line:127 start of PrintPerson(person)
 file:lab06.cpp ,function:PrintPerson ,line:131 end of PrintPerson(person)
 file:lab06.cpp ,function:PrintPerson ,line:127 start of PrintPerson(person)
 file:lab06.cpp ,function:PrintPerson ,line:131 end of PrintPerson(person)
 file:lab06.cpp ,function:ComparePersonName ,line:137 start of ComparePerson(person a, person b)
 file:lab06.cpp ,function:ComparePersonName ,line:137 start of ComparePerson(person a, person b)
 file:lab06.cpp ,function:ComparePersonName ,line:137 start of ComparePerson(person a, person b)
 file:lab06.cpp ,function:PrintPerson ,line:127 start of PrintPerson(person)
 file:lab06.cpp ,function:PrintPerson ,line:131 end of PrintPerson(person)
 file:lab06.cpp ,function:PrintPerson ,line:127 start of PrintPerson(person)
 file:lab06.cpp ,function:PrintPerson ,line:131 end of PrintPerson(person)
 file:lab06.cpp ,function:PrintPerson ,line:127 start of PrintPerson(person)
 file:lab06.cpp ,function:PrintPerson ,line:131 end of PrintPerson(person)
